Sat Sep 03 00:14:33 WEST 2016 : Apache Derby Network Server - 10.11.1.2 - (1629631) démarré et prêt à accepter les connexions sur le port 1527
----------------------------------------------------------------
Sat Sep 03 00:15:41 WEST 2016:
Amorçage de Derby version The Apache Software Foundation - Apache Derby - 10.11.1.2 - (1629631) : instance a816c00e-0156-ed2e-aa8f-000070041f9c 
dans le répertoire de base de données C:\PROJETS\PROJET ESANTE\E-SanteClient\DB\EsanteJPA avec le chargeur de classe sun.misc.Launcher$AppClassLoader@1d44bcfa
Chargé de file:/C:/Program%20Files/Java/jdk1.8.0_74/db/lib/derby.jar
java.vendor=Oracle Corporation
java.runtime.version=1.8.0_74-b02
user.dir=C:\Program Files\Java\jdk1.8.0_74\db
os.name=Windows 7
os.arch=amd64
os.version=6.1
derby.system.home=C:\PROJETS\PROJET ESANTE\E-SanteClient\DB
Chargeur de classe de la base de données démarré - derby.database.classpath = ''
----------------------------------------------------------------
Sat Sep 03 00:15:44 WEST 2016:
Fermeture de l'instance a816c00e-0156-ed2e-aa8f-000070041f9c sur le répertoire de base de données C:\PROJETS\PROJET ESANTE\E-SanteClient\DB\EsanteJPA avec le chargeur de classe sun.misc.Launcher$AppClassLoader@1d44bcfa 
Sat Sep 03 00:15:44 WEST 2016 Thread[DRDAConnThread_3,5,main] (DATABASE = EsanteJPA), (DRDAID = {2}), Arrêt de la base de données 'EsanteJPA'.
----------------------------------------------------------------
Sat Sep 03 00:15:57 WEST 2016:
Amorçage de Derby version The Apache Software Foundation - Apache Derby - 10.11.1.2 - (1629631) : instance a65c80ac-0156-ed2e-aa8f-000070041f9c 
dans le répertoire de base de données C:\PROJETS\PROJET ESANTE\E-SanteClient\DB\EsanteJPA avec le chargeur de classe sun.misc.Launcher$AppClassLoader@1d44bcfa
Chargé de file:/C:/Program%20Files/Java/jdk1.8.0_74/db/lib/derby.jar
java.vendor=Oracle Corporation
java.runtime.version=1.8.0_74-b02
user.dir=C:\Program Files\Java\jdk1.8.0_74\db
os.name=Windows 7
os.arch=amd64
os.version=6.1
derby.system.home=C:\PROJETS\PROJET ESANTE\E-SanteClient\DB
Chargeur de classe de la base de données démarré - derby.database.classpath = ''
----------------------------------------------------------------
Sat Sep 03 00:26:39 WEST 2016:
Amorçage de Derby version The Apache Software Foundation - Apache Derby - 10.11.1.2 - (1629631) : instance 3e6e0271-0156-ed2e-aa8f-000070041f9c 
dans le répertoire de base de données C:\PROJETS\PROJET ESANTE\E-SanteClient\DB\dbEsanteLocal avec le chargeur de classe sun.misc.Launcher$AppClassLoader@1d44bcfa
Chargé de file:/C:/Program%20Files/Java/jdk1.8.0_74/db/lib/derby.jar
java.vendor=Oracle Corporation
java.runtime.version=1.8.0_74-b02
user.dir=C:\Program Files\Java\jdk1.8.0_74\db
os.name=Windows 7
os.arch=amd64
os.version=6.1
derby.system.home=C:\PROJETS\PROJET ESANTE\E-SanteClient\DB
Chargeur de classe de la base de données démarré - derby.database.classpath = ''
